<?xml version="1.0" encoding="UTF-8"?>
<!-- Generated by org.testng.reporters.JUnitReportReporter -->
<testsuite hostname="BLRC02TM09RG8WN.sea.corp.expecn.com" name="testCalculator" tests="1" failures="0" timestamp="30 May 2018 09:10:55 GMT" time="0.008" errors="0">
  <testcase name="mulTest" time="0.008" classname="testCalculator"/>
</testsuite> <!-- testCalculator -->
